<?xml version="1.0" encoding="UTF-8"?>
<testng-results ignored="0" total="1" passed="1" failed="0" skipped="0">
  <reporter-output>
  </reporter-output>
  <suite started-at="2020-01-01T04:05:11Z" name="com.mycompany.tests.L03B_LoginTest" finished-at="2020-01-01T04:05:40Z" duration-ms="29665">
    <groups>
    </groups>
    <test started-at="2020-01-01T04:05:11Z" name="Command line test" finished-at="2020-01-01T04:05:40Z" duration-ms="29665">
      <class name="com.mycompany.tests.L03B_LoginTest">
        <test-method signature="loginTest()[pri:0, instance:com.mycompany.tests.L03B_LoginTest@11438d26]" started-at="2020-01-01T04:05:11Z" name="loginTest" finished-at="2020-01-01T04:05:40Z" duration-ms="29575" status="PASS">
          <reporter-output>
          </reporter-output>
        </test-method> <!-- loginTest -->
      </class> <!-- com.mycompany.tests.L03B_LoginTest -->
    </test> <!-- Command line test -->
  </suite> <!-- com.mycompany.tests.L03B_LoginTest -->
</testng-results>
