<?xml version="1.0" encoding="UTF-8"?>
<testng-results ignored="0" total="1" passed="1" failed="0" skipped="0">
  <reporter-output>
  </reporter-output>
  <suite started-at="2020-01-01T03:40:34Z" name="Default suite" finished-at="2020-01-01T03:41:03Z" duration-ms="28441">
    <groups>
    </groups>
    <test started-at="2020-01-01T03:40:34Z" name="Default test" finished-at="2020-01-01T03:41:03Z" duration-ms="28441">
      <class name="com.mycompany.tests.L03B_LoginTest">
        <test-method signature="loginTest()[pri:0, instance:com.mycompany.tests.L03B_LoginTest@29f69090]" started-at="2020-01-01T03:40:34Z" name="loginTest" finished-at="2020-01-01T03:41:03Z" duration-ms="28313" status="PASS">
          <reporter-output>
          </reporter-output>
        </test-method> <!-- loginTest -->
      </class> <!-- com.mycompany.tests.L03B_LoginTest -->
    </test> <!-- Default test -->
  </suite> <!-- Default suite -->
</testng-results>
